<?xml version="1.0" encoding="UTF-8"?>
<testng-results skipped="0" failed="0" total="1" passed="1">
  <reporter-output>
  </reporter-output>
  <suite name="Default suite" duration-ms="9877" started-at="2020-09-12T12:14:41Z" finished-at="2020-09-12T12:14:51Z">
    <groups>
    </groups>
    <test name="Default test" duration-ms="9877" started-at="2020-09-12T12:14:41Z" finished-at="2020-09-12T12:14:51Z">
      <class name="tripadvisor_getQuestion.createRequest">
        <test-method status="PASS" signature="generateRequest()[pri:0, instance:tripadvisor_getQuestion.createRequest@1324409e]" name="generateRequest" duration-ms="9853" started-at="2020-09-12T17:44:41Z" finished-at="2020-09-12T17:44:51Z">
          <reporter-output>
          </reporter-output>
        </test-method> <!-- generateRequest -->
      </class> <!-- tripadvisor_getQuestion.createRequest -->
    </test> <!-- Default test -->
  </suite> <!-- Default suite -->
</testng-results>
